#Timing report of worst 1 path(s)
# Unit scale: 1e-09 seconds
# Output precision: 3

#Path 1
Startpoint: x.inpad[0] (.input clocked by virtual_io_clock)
Endpoint  : out:r.outpad[0] (.output clocked by virtual_io_clock)
Path Type : setup

Point                                                                Incr      Path
-----------------------------------------------------------------------------------
clock virtual_io_clock (rise edge)                                  0.000     0.000
clock source latency                                                0.000     0.000
input external delay                                                0.000     0.000
x.inpad[0] (.input)                                                 0.000     0.000
$iopadmap$logicc.x.I_PAD_$inp[0] (BIDIR_CELL)                       0.000     0.000
$iopadmap$logicc.x.I_DAT[0] (BIDIR_CELL)                           10.958    10.958
r_LUT4_O.c_frag.TAB[0] (C_FRAG)                                     6.473    17.431
r_LUT4_O.c_frag.CZ[0] (C_FRAG)                                      1.437    18.868
$iopadmap$logicc.r.O_DAT[0] (BIDIR_CELL)                            8.597    27.465
$iopadmap$logicc.r.O_PAD_$out[0] (BIDIR_CELL)                       9.809    37.274
out:r.outpad[0] (.output)                                           0.000    37.274
data arrival time                                                            37.274

clock virtual_io_clock (rise edge)                                  0.000     0.000
clock source latency                                                0.000     0.000
clock uncertainty                                                   0.000     0.000
output external delay                                               0.000     0.000
data required time                                                            0.000
-----------------------------------------------------------------------------------
data required time                                                            0.000
data arrival time                                                           -37.274
-----------------------------------------------------------------------------------
slack (VIOLATED)                                                            -37.274


#End of timing report
