#Timing report of worst 1 path(s)
# Unit scale: 1e-09 seconds
# Output precision: 3

#Path 1
Startpoint: y.inpad[0] (.input clocked by virtual_io_clock)
Endpoint  : out:r.outpad[0] (.output clocked by virtual_io_clock)
Path Type : hold

Point                                                                Incr      Path
-----------------------------------------------------------------------------------
clock virtual_io_clock (rise edge)                                  0.000     0.000
clock source latency                                                0.000     0.000
input external delay                                                0.000     0.000
y.inpad[0] (.input)                                                 0.000     0.000
$iopadmap$logicc.y.I_PAD_$inp[0] (BIDIR_CELL)                       0.000     0.000
$iopadmap$logicc.y.I_DAT[0] (BIDIR_CELL)                           10.153    10.153
r_LUT4_O.c_frag.TBS[0] (C_FRAG)                                     5.581    15.734
r_LUT4_O.c_frag.CZ[0] (C_FRAG)                                      0.705    16.439
$iopadmap$logicc.r.O_DAT[0] (BIDIR_CELL)                            8.597    25.036
$iopadmap$logicc.r.O_PAD_$out[0] (BIDIR_CELL)                       9.726    34.762
out:r.outpad[0] (.output)                                           0.000    34.762
data arrival time                                                            34.762

clock virtual_io_clock (rise edge)                                  0.000     0.000
clock source latency                                                0.000     0.000
clock uncertainty                                                   0.000     0.000
output external delay                                               0.000     0.000
data required time                                                            0.000
-----------------------------------------------------------------------------------
data required time                                                           -0.000
data arrival time                                                            34.762
-----------------------------------------------------------------------------------
slack (MET)                                                                  34.762


#End of timing report
